<?xml version="1.0" encoding="UTF-8"?>
<testsuite xmlns:xsi="http://www.w3.org/2001/XMLSchema-instance" xsi:noNamespaceSchemaLocation="https://maven.apache.org/surefire/maven-surefire-plugin/xsd/surefire-test-report.xsd" name="com.nasa.eonet.Nasa.NasaApplicationTests" time="37.468" tests="1" errors="0" skipped="0" failures="0">
  <properties>
    <property name="sun.desktop" value="windows"/>
    <property name="awt.toolkit" value="sun.awt.windows.WToolkit"/>
    <property name="file.encoding.pkg" value="sun.io"/>
    <property name="java.specification.version" value="1.8"/>
    <property name="sun.cpu.isalist" value="amd64"/>
    <property name="sun.jnu.encoding" value="Cp1252"/>
    <property name="java.class.path" value="C:\Users\Waqar\Desktop\eonet munib\Nasa\target\test-classes;C:\Users\Waqar\Desktop\eonet munib\Nasa\target\classes;C:\Users\Waqar\.m2\repository\org\springframework\boot\spring-boot-starter\2.1.17.RELEASE\spring-boot-starter-2.1.17.RELEASE.jar;C:\Users\Waqar\.m2\repository\org\springframework\boot\spring-boot\2.1.17.RELEASE\spring-boot-2.1.17.RELEASE.jar;C:\Users\Waqar\.m2\repository\org\springframework\spring-context\5.1.18.RELEASE\spring-context-5.1.18.RELEASE.jar;C:\Users\Waqar\.m2\repository\org\springframework\boot\spring-boot-autoconfigure\2.1.17.RELEASE\spring-boot-autoconfigure-2.1.17.RELEASE.jar;C:\Users\Waqar\.m2\repository\javax\annotation\javax.annotation-api\1.3.2\javax.annotation-api-1.3.2.jar;C:\Users\Waqar\.m2\repository\org\springframework\spring-core\5.1.18.RELEASE\spring-core-5.1.18.RELEASE.jar;C:\Users\Waqar\.m2\repository\org\springframework\spring-jcl\5.1.18.RELEASE\spring-jcl-5.1.18.RELEASE.jar;C:\Users\Waqar\.m2\repository\org\yaml\snakeyaml\1.23\snakeyaml-1.23.jar;C:\Users\Waqar\.m2\repository\org\springframework\boot\spring-boot-starter-log4j2\2.1.17.RELEASE\spring-boot-starter-log4j2-2.1.17.RELEASE.jar;C:\Users\Waqar\.m2\repository\org\apache\logging\log4j\log4j-slf4j-impl\2.11.2\log4j-slf4j-impl-2.11.2.jar;C:\Users\Waqar\.m2\repository\org\apache\logging\log4j\log4j-api\2.11.2\log4j-api-2.11.2.jar;C:\Users\Waqar\.m2\repository\org\apache\logging\log4j\log4j-core\2.11.2\log4j-core-2.11.2.jar;C:\Users\Waqar\.m2\repository\org\apache\logging\log4j\log4j-jul\2.11.2\log4j-jul-2.11.2.jar;C:\Users\Waqar\.m2\repository\org\slf4j\jul-to-slf4j\1.7.30\jul-to-slf4j-1.7.30.jar;C:\Users\Waqar\.m2\repository\org\springframework\boot\spring-boot-starter-mail\2.1.17.RELEASE\spring-boot-starter-mail-2.1.17.RELEASE.jar;C:\Users\Waqar\.m2\repository\org\springframework\spring-context-support\5.1.18.RELEASE\spring-context-support-5.1.18.RELEASE.jar;C:\Users\Waqar\.m2\repository\com\sun\mail\javax.mail\1.6.2\javax.mail-1.6.2.jar;C:\Users\Waqar\.m2\repository\javax\activation\activation\1.1\activation-1.1.jar;C:\Users\Waqar\.m2\repository\com\lmax\disruptor\3.4.0\disruptor-3.4.0.jar;C:\Users\Waqar\.m2\repository\org\springframework\boot\spring-boot-starter-data-jpa\2.1.17.RELEASE\spring-boot-starter-data-jpa-2.1.17.RELEASE.jar;C:\Users\Waqar\.m2\repository\org\springframework\boot\spring-boot-starter-aop\2.1.17.RELEASE\spring-boot-starter-aop-2.1.17.RELEASE.jar;C:\Users\Waqar\.m2\repository\org\springframework\spring-aop\5.1.18.RELEASE\spring-aop-5.1.18.RELEASE.jar;C:\Users\Waqar\.m2\repository\org\aspectj\aspectjweaver\1.9.6\aspectjweaver-1.9.6.jar;C:\Users\Waqar\.m2\repository\org\springframework\boot\spring-boot-starter-jdbc\2.1.17.RELEASE\spring-boot-starter-jdbc-2.1.17.RELEASE.jar;C:\Users\Waqar\.m2\repository\com\zaxxer\HikariCP\3.2.0\HikariCP-3.2.0.jar;C:\Users\Waqar\.m2\repository\javax\transaction\javax.transaction-api\1.3\javax.transaction-api-1.3.jar;C:\Users\Waqar\.m2\repository\javax\xml\bind\jaxb-api\2.3.1\jaxb-api-2.3.1.jar;C:\Users\Waqar\.m2\repository\javax\activation\javax.activation-api\1.2.0\javax.activation-api-1.2.0.jar;C:\Users\Waqar\.m2\repository\org\hibernate\hibernate-core\5.3.18.Final\hibernate-core-5.3.18.Final.jar;C:\Users\Waqar\.m2\repository\org\javassist\javassist\3.23.2-GA\javassist-3.23.2-GA.jar;C:\Users\Waqar\.m2\repository\antlr\antlr\2.7.7\antlr-2.7.7.jar;C:\Users\Waqar\.m2\repository\org\jboss\jandex\2.0.5.Final\jandex-2.0.5.Final.jar;C:\Users\Waqar\.m2\repository\org\glassfish\jaxb\jaxb-runtime\2.3.1\jaxb-runtime-2.3.1.jar;C:\Users\Waqar\.m2\repository\org\glassfish\jaxb\txw2\2.3.1\txw2-2.3.1.jar;C:\Users\Waqar\.m2\repository\com\sun\istack\istack-commons-runtime\3.0.7\istack-commons-runtime-3.0.7.jar;C:\Users\Waqar\.m2\repository\org\jvnet\staxex\stax-ex\1.8\stax-ex-1.8.jar;C:\Users\Waqar\.m2\repository\com\sun\xml\fastinfoset\FastInfoset\1.2.15\FastInfoset-1.2.15.jar;C:\Users\Waqar\.m2\repository\org\springframework\data\spring-data-jpa\2.1.20.RELEASE\spring-data-jpa-2.1.20.RELEASE.jar;C:\Users\Waqar\.m2\repository\org\springframework\data\spring-data-commons\2.1.20.RELEASE\spring-data-commons-2.1.20.RELEASE.jar;C:\Users\Waqar\.m2\repository\org\springframework\spring-aspects\5.1.18.RELEASE\spring-aspects-5.1.18.RELEASE.jar;C:\Users\Waqar\.m2\repository\org\springframework\boot\spring-boot-devtools\2.1.17.RELEASE\spring-boot-devtools-2.1.17.RELEASE.jar;C:\Users\Waqar\.m2\repository\org\springframework\boot\spring-boot-starter-web\2.1.17.RELEASE\spring-boot-starter-web-2.1.17.RELEASE.jar;C:\Users\Waqar\.m2\repository\org\springframework\boot\spring-boot-starter-json\2.1.17.RELEASE\spring-boot-starter-json-2.1.17.RELEASE.jar;C:\Users\Waqar\.m2\repository\com\fasterxml\jackson\datatype\jackson-datatype-jdk8\2.9.10\jackson-datatype-jdk8-2.9.10.jar;C:\Users\Waqar\.m2\repository\com\fasterxml\jackson\datatype\jackson-datatype-jsr310\2.9.10\jackson-datatype-jsr310-2.9.10.jar;C:\Users\Waqar\.m2\repository\com\fasterxml\jackson\module\jackson-module-parameter-names\2.9.10\jackson-module-parameter-names-2.9.10.jar;C:\Users\Waqar\.m2\repository\org\hibernate\validator\hibernate-validator\6.0.20.Final\hibernate-validator-6.0.20.Final.jar;C:\Users\Waqar\.m2\repository\javax\validation\validation-api\2.0.1.Final\validation-api-2.0.1.Final.jar;C:\Users\Waqar\.m2\repository\org\springframework\spring-web\5.1.18.RELEASE\spring-web-5.1.18.RELEASE.jar;C:\Users\Waqar\.m2\repository\org\springframework\spring-webmvc\5.1.18.RELEASE\spring-webmvc-5.1.18.RELEASE.jar;C:\Users\Waqar\.m2\repository\org\springframework\spring-expression\5.1.18.RELEASE\spring-expression-5.1.18.RELEASE.jar;C:\Users\Waqar\.m2\repository\io\jsonwebtoken\jjwt\0.9.1\jjwt-0.9.1.jar;C:\Users\Waqar\.m2\repository\com\fasterxml\jackson\core\jackson-databind\2.9.10.6\jackson-databind-2.9.10.6.jar;C:\Users\Waqar\.m2\repository\com\fasterxml\jackson\core\jackson-annotations\2.9.10\jackson-annotations-2.9.10.jar;C:\Users\Waqar\.m2\repository\com\fasterxml\jackson\core\jackson-core\2.9.10\jackson-core-2.9.10.jar;C:\Users\Waqar\.m2\repository\org\springframework\boot\spring-boot-starter-test\2.1.17.RELEASE\spring-boot-starter-test-2.1.17.RELEASE.jar;C:\Users\Waqar\.m2\repository\org\springframework\boot\spring-boot-test\2.1.17.RELEASE\spring-boot-test-2.1.17.RELEASE.jar;C:\Users\Waqar\.m2\repository\org\springframework\boot\spring-boot-test-autoconfigure\2.1.17.RELEASE\spring-boot-test-autoconfigure-2.1.17.RELEASE.jar;C:\Users\Waqar\.m2\repository\com\jayway\jsonpath\json-path\2.4.0\json-path-2.4.0.jar;C:\Users\Waqar\.m2\repository\net\minidev\json-smart\2.3\json-smart-2.3.jar;C:\Users\Waqar\.m2\repository\net\minidev\accessors-smart\1.2\accessors-smart-1.2.jar;C:\Users\Waqar\.m2\repository\org\ow2\asm\asm\5.0.4\asm-5.0.4.jar;C:\Users\Waqar\.m2\repository\junit\junit\4.12\junit-4.12.jar;C:\Users\Waqar\.m2\repository\org\assertj\assertj-core\3.11.1\assertj-core-3.11.1.jar;C:\Users\Waqar\.m2\repository\org\mockito\mockito-core\2.23.4\mockito-core-2.23.4.jar;C:\Users\Waqar\.m2\repository\net\bytebuddy\byte-buddy-agent\1.9.16\byte-buddy-agent-1.9.16.jar;C:\Users\Waqar\.m2\repository\org\objenesis\objenesis\2.6\objenesis-2.6.jar;C:\Users\Waqar\.m2\repository\org\hamcrest\hamcrest-core\1.3\hamcrest-core-1.3.jar;C:\Users\Waqar\.m2\repository\org\hamcrest\hamcrest-library\1.3\hamcrest-library-1.3.jar;C:\Users\Waqar\.m2\repository\org\skyscreamer\jsonassert\1.5.0\jsonassert-1.5.0.jar;C:\Users\Waqar\.m2\repository\com\vaadin\external\google\android-json\0.0.20131108.vaadin1\android-json-0.0.20131108.vaadin1.jar;C:\Users\Waqar\.m2\repository\org\springframework\spring-test\5.1.18.RELEASE\spring-test-5.1.18.RELEASE.jar;C:\Users\Waqar\.m2\repository\org\xmlunit\xmlunit-core\2.6.4\xmlunit-core-2.6.4.jar;C:\Users\Waqar\.m2\repository\org\springframework\boot\spring-boot-starter-jersey\2.1.17.RELEASE\spring-boot-starter-jersey-2.1.17.RELEASE.jar;C:\Users\Waqar\.m2\repository\org\springframework\boot\spring-boot-starter-validation\2.1.17.RELEASE\spring-boot-starter-validation-2.1.17.RELEASE.jar;C:\Users\Waqar\.m2\repository\org\glassfish\jersey\core\jersey-server\2.27\jersey-server-2.27.jar;C:\Users\Waqar\.m2\repository\org\glassfish\jersey\core\jersey-common\2.27\jersey-common-2.27.jar;C:\Users\Waqar\.m2\repository\org\glassfish\hk2\osgi-resource-locator\1.0.1\osgi-resource-locator-1.0.1.jar;C:\Users\Waqar\.m2\repository\org\glassfish\jersey\core\jersey-client\2.27\jersey-client-2.27.jar;C:\Users\Waqar\.m2\repository\javax\ws\rs\javax.ws.rs-api\2.1\javax.ws.rs-api-2.1.jar;C:\Users\Waqar\.m2\repository\org\glassfish\jersey\media\jersey-media-jaxb\2.27\jersey-media-jaxb-2.27.jar;C:\Users\Waqar\.m2\repository\org\glassfish\jersey\containers\jersey-container-servlet-core\2.27\jersey-container-servlet-core-2.27.jar;C:\Users\Waqar\.m2\repository\org\glassfish\jersey\containers\jersey-container-servlet\2.27\jersey-container-servlet-2.27.jar;C:\Users\Waqar\.m2\repository\org\glassfish\jersey\ext\jersey-bean-validation\2.27\jersey-bean-validation-2.27.jar;C:\Users\Waqar\.m2\repository\org\glassfish\jersey\ext\jersey-spring4\2.27\jersey-spring4-2.27.jar;C:\Users\Waqar\.m2\repository\org\glassfish\jersey\inject\jersey-hk2\2.27\jersey-hk2-2.27.jar;C:\Users\Waqar\.m2\repository\org\glassfish\hk2\hk2-locator\2.5.0-b42\hk2-locator-2.5.0-b42.jar;C:\Users\Waqar\.m2\repository\org\glassfish\hk2\external\aopalliance-repackaged\2.5.0-b42\aopalliance-repackaged-2.5.0-b42.jar;C:\Users\Waqar\.m2\repository\org\glassfish\hk2\hk2\2.5.0-b42\hk2-2.5.0-b42.jar;C:\Users\Waqar\.m2\repository\org\glassfish\hk2\hk2-utils\2.5.0-b42\hk2-utils-2.5.0-b42.jar;C:\Users\Waqar\.m2\repository\javax\inject\javax.inject\1\javax.inject-1.jar;C:\Users\Waqar\.m2\repository\org\glassfish\hk2\hk2-api\2.5.0-b42\hk2-api-2.5.0-b42.jar;C:\Users\Waqar\.m2\repository\org\glassfish\hk2\config-types\2.5.0-b42\config-types-2.5.0-b42.jar;C:\Users\Waqar\.m2\repository\org\glassfish\hk2\hk2-core\2.5.0-b42\hk2-core-2.5.0-b42.jar;C:\Users\Waqar\.m2\repository\org\glassfish\hk2\hk2-config\2.5.0-b42\hk2-config-2.5.0-b42.jar;C:\Users\Waqar\.m2\repository\org\glassfish\hk2\hk2-runlevel\2.5.0-b42\hk2-runlevel-2.5.0-b42.jar;C:\Users\Waqar\.m2\repository\org\glassfish\hk2\class-model\2.5.0-b42\class-model-2.5.0-b42.jar;C:\Users\Waqar\.m2\repository\org\glassfish\hk2\external\asm-all-repackaged\2.5.0-b42\asm-all-repackaged-2.5.0-b42.jar;C:\Users\Waqar\.m2\repository\org\glassfish\hk2\spring-bridge\2.5.0-b42\spring-bridge-2.5.0-b42.jar;C:\Users\Waqar\.m2\repository\org\glassfish\jersey\media\jersey-media-json-jackson\2.27\jersey-media-json-jackson-2.27.jar;C:\Users\Waqar\.m2\repository\org\glassfish\jersey\ext\jersey-entity-filtering\2.27\jersey-entity-filtering-2.27.jar;C:\Users\Waqar\.m2\repository\com\fasterxml\jackson\module\jackson-module-jaxb-annotations\2.9.10\jackson-module-jaxb-annotations-2.9.10.jar;C:\Users\Waqar\.m2\repository\org\springframework\boot\spring-boot-starter-oauth2-client\2.1.17.RELEASE\spring-boot-starter-oauth2-client-2.1.17.RELEASE.jar;C:\Users\Waqar\.m2\repository\org\springframework\security\spring-security-config\5.1.12.RELEASE\spring-security-config-5.1.12.RELEASE.jar;C:\Users\Waqar\.m2\repository\org\springframework\security\spring-security-core\5.1.12.RELEASE\spring-security-core-5.1.12.RELEASE.jar;C:\Users\Waqar\.m2\repository\org\springframework\security\spring-security-oauth2-client\5.1.12.RELEASE\spring-security-oauth2-client-5.1.12.RELEASE.jar;C:\Users\Waqar\.m2\repository\com\nimbusds\oauth2-oidc-sdk\6.0\oauth2-oidc-sdk-6.0.jar;C:\Users\Waqar\.m2\repository\com\github\stephenc\jcip\jcip-annotations\1.0-1\jcip-annotations-1.0-1.jar;C:\Users\Waqar\.m2\repository\com\nimbusds\lang-tag\1.5\lang-tag-1.5.jar;C:\Users\Waqar\.m2\repository\org\springframework\security\spring-security-oauth2-core\5.1.12.RELEASE\spring-security-oauth2-core-5.1.12.RELEASE.jar;C:\Users\Waqar\.m2\repository\org\springframework\security\spring-security-web\5.1.12.RELEASE\spring-security-web-5.1.12.RELEASE.jar;C:\Users\Waqar\.m2\repository\org\springframework\security\spring-security-oauth2-jose\5.1.12.RELEASE\spring-security-oauth2-jose-5.1.12.RELEASE.jar;C:\Users\Waqar\.m2\repository\com\nimbusds\nimbus-jose-jwt\6.0.2\nimbus-jose-jwt-6.0.2.jar;C:\Users\Waqar\.m2\repository\com\h2database\h2\1.4.200\h2-1.4.200.jar;C:\Users\Waqar\Desktop\eonet munib\Nasa\src\main\resources\ojdbc6.jar;C:\Users\Waqar\.m2\repository\org\springframework\boot\spring-boot-starter-tomcat\2.1.17.RELEASE\spring-boot-starter-tomcat-2.1.17.RELEASE.jar;C:\Users\Waqar\.m2\repository\org\apache\tomcat\embed\tomcat-embed-core\9.0.38\tomcat-embed-core-9.0.38.jar;C:\Users\Waqar\.m2\repository\org\apache\tomcat\embed\tomcat-embed-el\9.0.38\tomcat-embed-el-9.0.38.jar;C:\Users\Waqar\.m2\repository\org\apache\tomcat\embed\tomcat-embed-websocket\9.0.38\tomcat-embed-websocket-9.0.38.jar;C:\Users\Waqar\.m2\repository\mysql\mysql-connector-java\8.0.21\mysql-connector-java-8.0.21.jar;C:\Users\Waqar\.m2\repository\org\springframework\spring-orm\5.1.18.RELEASE\spring-orm-5.1.18.RELEASE.jar;C:\Users\Waqar\.m2\repository\org\springframework\spring-beans\5.1.18.RELEASE\spring-beans-5.1.18.RELEASE.jar;C:\Users\Waqar\.m2\repository\org\springframework\spring-jdbc\5.1.18.RELEASE\spring-jdbc-5.1.18.RELEASE.jar;C:\Users\Waqar\.m2\repository\org\springframework\spring-tx\5.1.18.RELEASE\spring-tx-5.1.18.RELEASE.jar;C:\Users\Waqar\.m2\repository\org\hibernate\hibernate-entitymanager\5.3.18.Final\hibernate-entitymanager-5.3.18.Final.jar;C:\Users\Waqar\.m2\repository\org\jboss\logging\jboss-logging\3.3.3.Final\jboss-logging-3.3.3.Final.jar;C:\Users\Waqar\.m2\repository\org\dom4j\dom4j\2.1.3\dom4j-2.1.3.jar;C:\Users\Waqar\.m2\repository\org\hibernate\common\hibernate-commons-annotations\5.0.4.Final\hibernate-commons-annotations-5.0.4.Final.jar;C:\Users\Waqar\.m2\repository\javax\persistence\javax.persistence-api\2.2\javax.persistence-api-2.2.jar;C:\Users\Waqar\.m2\repository\net\bytebuddy\byte-buddy\1.9.16\byte-buddy-1.9.16.jar;C:\Users\Waqar\.m2\repository\org\jboss\spec\javax\transaction\jboss-transaction-api_1.2_spec\1.1.1.Final\jboss-transaction-api_1.2_spec-1.1.1.Final.jar;C:\Users\Waqar\.m2\repository\io\springfox\springfox-swagger2\2.9.1\springfox-swagger2-2.9.1.jar;C:\Users\Waqar\.m2\repository\io\swagger\swagger-annotations\1.5.20\swagger-annotations-1.5.20.jar;C:\Users\Waqar\.m2\repository\io\swagger\swagger-models\1.5.20\swagger-models-1.5.20.jar;C:\Users\Waqar\.m2\repository\io\springfox\springfox-spi\2.9.1\springfox-spi-2.9.1.jar;C:\Users\Waqar\.m2\repository\io\springfox\springfox-core\2.9.1\springfox-core-2.9.1.jar;C:\Users\Waqar\.m2\repository\io\springfox\springfox-schema\2.9.1\springfox-schema-2.9.1.jar;C:\Users\Waqar\.m2\repository\io\springfox\springfox-swagger-common\2.9.1\springfox-swagger-common-2.9.1.jar;C:\Users\Waqar\.m2\repository\io\springfox\springfox-spring-web\2.9.1\springfox-spring-web-2.9.1.jar;C:\Users\Waqar\.m2\repository\com\google\guava\guava\20.0\guava-20.0.jar;C:\Users\Waqar\.m2\repository\com\fasterxml\classmate\1.4.0\classmate-1.4.0.jar;C:\Users\Waqar\.m2\repository\org\slf4j\slf4j-api\1.7.30\slf4j-api-1.7.30.jar;C:\Users\Waqar\.m2\repository\org\springframework\plugin\spring-plugin-core\1.2.0.RELEASE\spring-plugin-core-1.2.0.RELEASE.jar;C:\Users\Waqar\.m2\repository\org\springframework\plugin\spring-plugin-metadata\1.2.0.RELEASE\spring-plugin-metadata-1.2.0.RELEASE.jar;C:\Users\Waqar\.m2\repository\org\mapstruct\mapstruct\1.2.0.Final\mapstruct-1.2.0.Final.jar;C:\Users\Waqar\.m2\repository\io\springfox\springfox-swagger-ui\2.9.1\springfox-swagger-ui-2.9.1.jar;"/>
    <property name="java.vm.vendor" value="Oracle Corporation"/>
    <property name="sun.arch.data.model" value="64"/>
    <property name="user.variant" value=""/>
    <property name="java.vendor.url" value="http://java.oracle.com/"/>
    <property name="user.timezone" value="Asia/Karachi"/>
    <property name="java.vm.specification.version" value="1.8"/>
    <property name="os.name" value="Windows 10"/>
    <property name="user.country" value="US"/>
    <property name="sun.java.launcher" value="SUN_STANDARD"/>
    <property name="sun.boot.library.path" value="C:\Program Files\Java\jdk1.8.0_144\jre\bin"/>
    <property name="sun.java.command" value="C:\Users\Waqar\AppData\Local\Temp\surefire5839314262818154227\surefirebooter1714144878612215810.jar C:\Users\Waqar\AppData\Local\Temp\surefire5839314262818154227 2020-10-18T22-12-29_482-jvmRun1 surefire2538676481938317914tmp surefire_03294039371580630541tmp"/>
    <property name="surefire.test.class.path" value="C:\Users\Waqar\Desktop\eonet munib\Nasa\target\test-classes;C:\Users\Waqar\Desktop\eonet munib\Nasa\target\classes;C:\Users\Waqar\.m2\repository\org\springframework\boot\spring-boot-starter\2.1.17.RELEASE\spring-boot-starter-2.1.17.RELEASE.jar;C:\Users\Waqar\.m2\repository\org\springframework\boot\spring-boot\2.1.17.RELEASE\spring-boot-2.1.17.RELEASE.jar;C:\Users\Waqar\.m2\repository\org\springframework\spring-context\5.1.18.RELEASE\spring-context-5.1.18.RELEASE.jar;C:\Users\Waqar\.m2\repository\org\springframework\boot\spring-boot-autoconfigure\2.1.17.RELEASE\spring-boot-autoconfigure-2.1.17.RELEASE.jar;C:\Users\Waqar\.m2\repository\javax\annotation\javax.annotation-api\1.3.2\javax.annotation-api-1.3.2.jar;C:\Users\Waqar\.m2\repository\org\springframework\spring-core\5.1.18.RELEASE\spring-core-5.1.18.RELEASE.jar;C:\Users\Waqar\.m2\repository\org\springframework\spring-jcl\5.1.18.RELEASE\spring-jcl-5.1.18.RELEASE.jar;C:\Users\Waqar\.m2\repository\org\yaml\snakeyaml\1.23\snakeyaml-1.23.jar;C:\Users\Waqar\.m2\repository\org\springframework\boot\spring-boot-starter-log4j2\2.1.17.RELEASE\spring-boot-starter-log4j2-2.1.17.RELEASE.jar;C:\Users\Waqar\.m2\repository\org\apache\logging\log4j\log4j-slf4j-impl\2.11.2\log4j-slf4j-impl-2.11.2.jar;C:\Users\Waqar\.m2\repository\org\apache\logging\log4j\log4j-api\2.11.2\log4j-api-2.11.2.jar;C:\Users\Waqar\.m2\repository\org\apache\logging\log4j\log4j-core\2.11.2\log4j-core-2.11.2.jar;C:\Users\Waqar\.m2\repository\org\apache\logging\log4j\log4j-jul\2.11.2\log4j-jul-2.11.2.jar;C:\Users\Waqar\.m2\repository\org\slf4j\jul-to-slf4j\1.7.30\jul-to-slf4j-1.7.30.jar;C:\Users\Waqar\.m2\repository\org\springframework\boot\spring-boot-starter-mail\2.1.17.RELEASE\spring-boot-starter-mail-2.1.17.RELEASE.jar;C:\Users\Waqar\.m2\repository\org\springframework\spring-context-support\5.1.18.RELEASE\spring-context-support-5.1.18.RELEASE.jar;C:\Users\Waqar\.m2\repository\com\sun\mail\javax.mail\1.6.2\javax.mail-1.6.2.jar;C:\Users\Waqar\.m2\repository\javax\activation\activation\1.1\activation-1.1.jar;C:\Users\Waqar\.m2\repository\com\lmax\disruptor\3.4.0\disruptor-3.4.0.jar;C:\Users\Waqar\.m2\repository\org\springframework\boot\spring-boot-starter-data-jpa\2.1.17.RELEASE\spring-boot-starter-data-jpa-2.1.17.RELEASE.jar;C:\Users\Waqar\.m2\repository\org\springframework\boot\spring-boot-starter-aop\2.1.17.RELEASE\spring-boot-starter-aop-2.1.17.RELEASE.jar;C:\Users\Waqar\.m2\repository\org\springframework\spring-aop\5.1.18.RELEASE\spring-aop-5.1.18.RELEASE.jar;C:\Users\Waqar\.m2\repository\org\aspectj\aspectjweaver\1.9.6\aspectjweaver-1.9.6.jar;C:\Users\Waqar\.m2\repository\org\springframework\boot\spring-boot-starter-jdbc\2.1.17.RELEASE\spring-boot-starter-jdbc-2.1.17.RELEASE.jar;C:\Users\Waqar\.m2\repository\com\zaxxer\HikariCP\3.2.0\HikariCP-3.2.0.jar;C:\Users\Waqar\.m2\repository\javax\transaction\javax.transaction-api\1.3\javax.transaction-api-1.3.jar;C:\Users\Waqar\.m2\repository\javax\xml\bind\jaxb-api\2.3.1\jaxb-api-2.3.1.jar;C:\Users\Waqar\.m2\repository\javax\activation\javax.activation-api\1.2.0\javax.activation-api-1.2.0.jar;C:\Users\Waqar\.m2\repository\org\hibernate\hibernate-core\5.3.18.Final\hibernate-core-5.3.18.Final.jar;C:\Users\Waqar\.m2\repository\org\javassist\javassist\3.23.2-GA\javassist-3.23.2-GA.jar;C:\Users\Waqar\.m2\repository\antlr\antlr\2.7.7\antlr-2.7.7.jar;C:\Users\Waqar\.m2\repository\org\jboss\jandex\2.0.5.Final\jandex-2.0.5.Final.jar;C:\Users\Waqar\.m2\repository\org\glassfish\jaxb\jaxb-runtime\2.3.1\jaxb-runtime-2.3.1.jar;C:\Users\Waqar\.m2\repository\org\glassfish\jaxb\txw2\2.3.1\txw2-2.3.1.jar;C:\Users\Waqar\.m2\repository\com\sun\istack\istack-commons-runtime\3.0.7\istack-commons-runtime-3.0.7.jar;C:\Users\Waqar\.m2\repository\org\jvnet\staxex\stax-ex\1.8\stax-ex-1.8.jar;C:\Users\Waqar\.m2\repository\com\sun\xml\fastinfoset\FastInfoset\1.2.15\FastInfoset-1.2.15.jar;C:\Users\Waqar\.m2\repository\org\springframework\data\spring-data-jpa\2.1.20.RELEASE\spring-data-jpa-2.1.20.RELEASE.jar;C:\Users\Waqar\.m2\repository\org\springframework\data\spring-data-commons\2.1.20.RELEASE\spring-data-commons-2.1.20.RELEASE.jar;C:\Users\Waqar\.m2\repository\org\springframework\spring-aspects\5.1.18.RELEASE\spring-aspects-5.1.18.RELEASE.jar;C:\Users\Waqar\.m2\repository\org\springframework\boot\spring-boot-devtools\2.1.17.RELEASE\spring-boot-devtools-2.1.17.RELEASE.jar;C:\Users\Waqar\.m2\repository\org\springframework\boot\spring-boot-starter-web\2.1.17.RELEASE\spring-boot-starter-web-2.1.17.RELEASE.jar;C:\Users\Waqar\.m2\repository\org\springframework\boot\spring-boot-starter-json\2.1.17.RELEASE\spring-boot-starter-json-2.1.17.RELEASE.jar;C:\Users\Waqar\.m2\repository\com\fasterxml\jackson\datatype\jackson-datatype-jdk8\2.9.10\jackson-datatype-jdk8-2.9.10.jar;C:\Users\Waqar\.m2\repository\com\fasterxml\jackson\datatype\jackson-datatype-jsr310\2.9.10\jackson-datatype-jsr310-2.9.10.jar;C:\Users\Waqar\.m2\repository\com\fasterxml\jackson\module\jackson-module-parameter-names\2.9.10\jackson-module-parameter-names-2.9.10.jar;C:\Users\Waqar\.m2\repository\org\hibernate\validator\hibernate-validator\6.0.20.Final\hibernate-validator-6.0.20.Final.jar;C:\Users\Waqar\.m2\repository\javax\validation\validation-api\2.0.1.Final\validation-api-2.0.1.Final.jar;C:\Users\Waqar\.m2\repository\org\springframework\spring-web\5.1.18.RELEASE\spring-web-5.1.18.RELEASE.jar;C:\Users\Waqar\.m2\repository\org\springframework\spring-webmvc\5.1.18.RELEASE\spring-webmvc-5.1.18.RELEASE.jar;C:\Users\Waqar\.m2\repository\org\springframework\spring-expression\5.1.18.RELEASE\spring-expression-5.1.18.RELEASE.jar;C:\Users\Waqar\.m2\repository\io\jsonwebtoken\jjwt\0.9.1\jjwt-0.9.1.jar;C:\Users\Waqar\.m2\repository\com\fasterxml\jackson\core\jackson-databind\2.9.10.6\jackson-databind-2.9.10.6.jar;C:\Users\Waqar\.m2\repository\com\fasterxml\jackson\core\jackson-annotations\2.9.10\jackson-annotations-2.9.10.jar;C:\Users\Waqar\.m2\repository\com\fasterxml\jackson\core\jackson-core\2.9.10\jackson-core-2.9.10.jar;C:\Users\Waqar\.m2\repository\org\springframework\boot\spring-boot-starter-test\2.1.17.RELEASE\spring-boot-starter-test-2.1.17.RELEASE.jar;C:\Users\Waqar\.m2\repository\org\springframework\boot\spring-boot-test\2.1.17.RELEASE\spring-boot-test-2.1.17.RELEASE.jar;C:\Users\Waqar\.m2\repository\org\springframework\boot\spring-boot-test-autoconfigure\2.1.17.RELEASE\spring-boot-test-autoconfigure-2.1.17.RELEASE.jar;C:\Users\Waqar\.m2\repository\com\jayway\jsonpath\json-path\2.4.0\json-path-2.4.0.jar;C:\Users\Waqar\.m2\repository\net\minidev\json-smart\2.3\json-smart-2.3.jar;C:\Users\Waqar\.m2\repository\net\minidev\accessors-smart\1.2\accessors-smart-1.2.jar;C:\Users\Waqar\.m2\repository\org\ow2\asm\asm\5.0.4\asm-5.0.4.jar;C:\Users\Waqar\.m2\repository\junit\junit\4.12\junit-4.12.jar;C:\Users\Waqar\.m2\repository\org\assertj\assertj-core\3.11.1\assertj-core-3.11.1.jar;C:\Users\Waqar\.m2\repository\org\mockito\mockito-core\2.23.4\mockito-core-2.23.4.jar;C:\Users\Waqar\.m2\repository\net\bytebuddy\byte-buddy-agent\1.9.16\byte-buddy-agent-1.9.16.jar;C:\Users\Waqar\.m2\repository\org\objenesis\objenesis\2.6\objenesis-2.6.jar;C:\Users\Waqar\.m2\repository\org\hamcrest\hamcrest-core\1.3\hamcrest-core-1.3.jar;C:\Users\Waqar\.m2\repository\org\hamcrest\hamcrest-library\1.3\hamcrest-library-1.3.jar;C:\Users\Waqar\.m2\repository\org\skyscreamer\jsonassert\1.5.0\jsonassert-1.5.0.jar;C:\Users\Waqar\.m2\repository\com\vaadin\external\google\android-json\0.0.20131108.vaadin1\android-json-0.0.20131108.vaadin1.jar;C:\Users\Waqar\.m2\repository\org\springframework\spring-test\5.1.18.RELEASE\spring-test-5.1.18.RELEASE.jar;C:\Users\Waqar\.m2\repository\org\xmlunit\xmlunit-core\2.6.4\xmlunit-core-2.6.4.jar;C:\Users\Waqar\.m2\repository\org\springframework\boot\spring-boot-starter-jersey\2.1.17.RELEASE\spring-boot-starter-jersey-2.1.17.RELEASE.jar;C:\Users\Waqar\.m2\repository\org\springframework\boot\spring-boot-starter-validation\2.1.17.RELEASE\spring-boot-starter-validation-2.1.17.RELEASE.jar;C:\Users\Waqar\.m2\repository\org\glassfish\jersey\core\jersey-server\2.27\jersey-server-2.27.jar;C:\Users\Waqar\.m2\repository\org\glassfish\jersey\core\jersey-common\2.27\jersey-common-2.27.jar;C:\Users\Waqar\.m2\repository\org\glassfish\hk2\osgi-resource-locator\1.0.1\osgi-resource-locator-1.0.1.jar;C:\Users\Waqar\.m2\repository\org\glassfish\jersey\core\jersey-client\2.27\jersey-client-2.27.jar;C:\Users\Waqar\.m2\repository\javax\ws\rs\javax.ws.rs-api\2.1\javax.ws.rs-api-2.1.jar;C:\Users\Waqar\.m2\repository\org\glassfish\jersey\media\jersey-media-jaxb\2.27\jersey-media-jaxb-2.27.jar;C:\Users\Waqar\.m2\repository\org\glassfish\jersey\containers\jersey-container-servlet-core\2.27\jersey-container-servlet-core-2.27.jar;C:\Users\Waqar\.m2\repository\org\glassfish\jersey\containers\jersey-container-servlet\2.27\jersey-container-servlet-2.27.jar;C:\Users\Waqar\.m2\repository\org\glassfish\jersey\ext\jersey-bean-validation\2.27\jersey-bean-validation-2.27.jar;C:\Users\Waqar\.m2\repository\org\glassfish\jersey\ext\jersey-spring4\2.27\jersey-spring4-2.27.jar;C:\Users\Waqar\.m2\repository\org\glassfish\jersey\inject\jersey-hk2\2.27\jersey-hk2-2.27.jar;C:\Users\Waqar\.m2\repository\org\glassfish\hk2\hk2-locator\2.5.0-b42\hk2-locator-2.5.0-b42.jar;C:\Users\Waqar\.m2\repository\org\glassfish\hk2\external\aopalliance-repackaged\2.5.0-b42\aopalliance-repackaged-2.5.0-b42.jar;C:\Users\Waqar\.m2\repository\org\glassfish\hk2\hk2\2.5.0-b42\hk2-2.5.0-b42.jar;C:\Users\Waqar\.m2\repository\org\glassfish\hk2\hk2-utils\2.5.0-b42\hk2-utils-2.5.0-b42.jar;C:\Users\Waqar\.m2\repository\javax\inject\javax.inject\1\javax.inject-1.jar;C:\Users\Waqar\.m2\repository\org\glassfish\hk2\hk2-api\2.5.0-b42\hk2-api-2.5.0-b42.jar;C:\Users\Waqar\.m2\repository\org\glassfish\hk2\config-types\2.5.0-b42\config-types-2.5.0-b42.jar;C:\Users\Waqar\.m2\repository\org\glassfish\hk2\hk2-core\2.5.0-b42\hk2-core-2.5.0-b42.jar;C:\Users\Waqar\.m2\repository\org\glassfish\hk2\hk2-config\2.5.0-b42\hk2-config-2.5.0-b42.jar;C:\Users\Waqar\.m2\repository\org\glassfish\hk2\hk2-runlevel\2.5.0-b42\hk2-runlevel-2.5.0-b42.jar;C:\Users\Waqar\.m2\repository\org\glassfish\hk2\class-model\2.5.0-b42\class-model-2.5.0-b42.jar;C:\Users\Waqar\.m2\repository\org\glassfish\hk2\external\asm-all-repackaged\2.5.0-b42\asm-all-repackaged-2.5.0-b42.jar;C:\Users\Waqar\.m2\repository\org\glassfish\hk2\spring-bridge\2.5.0-b42\spring-bridge-2.5.0-b42.jar;C:\Users\Waqar\.m2\repository\org\glassfish\jersey\media\jersey-media-json-jackson\2.27\jersey-media-json-jackson-2.27.jar;C:\Users\Waqar\.m2\repository\org\glassfish\jersey\ext\jersey-entity-filtering\2.27\jersey-entity-filtering-2.27.jar;C:\Users\Waqar\.m2\repository\com\fasterxml\jackson\module\jackson-module-jaxb-annotations\2.9.10\jackson-module-jaxb-annotations-2.9.10.jar;C:\Users\Waqar\.m2\repository\org\springframework\boot\spring-boot-starter-oauth2-client\2.1.17.RELEASE\spring-boot-starter-oauth2-client-2.1.17.RELEASE.jar;C:\Users\Waqar\.m2\repository\org\springframework\security\spring-security-config\5.1.12.RELEASE\spring-security-config-5.1.12.RELEASE.jar;C:\Users\Waqar\.m2\repository\org\springframework\security\spring-security-core\5.1.12.RELEASE\spring-security-core-5.1.12.RELEASE.jar;C:\Users\Waqar\.m2\repository\org\springframework\security\spring-security-oauth2-client\5.1.12.RELEASE\spring-security-oauth2-client-5.1.12.RELEASE.jar;C:\Users\Waqar\.m2\repository\com\nimbusds\oauth2-oidc-sdk\6.0\oauth2-oidc-sdk-6.0.jar;C:\Users\Waqar\.m2\repository\com\github\stephenc\jcip\jcip-annotations\1.0-1\jcip-annotations-1.0-1.jar;C:\Users\Waqar\.m2\repository\com\nimbusds\lang-tag\1.5\lang-tag-1.5.jar;C:\Users\Waqar\.m2\repository\org\springframework\security\spring-security-oauth2-core\5.1.12.RELEASE\spring-security-oauth2-core-5.1.12.RELEASE.jar;C:\Users\Waqar\.m2\repository\org\springframework\security\spring-security-web\5.1.12.RELEASE\spring-security-web-5.1.12.RELEASE.jar;C:\Users\Waqar\.m2\repository\org\springframework\security\spring-security-oauth2-jose\5.1.12.RELEASE\spring-security-oauth2-jose-5.1.12.RELEASE.jar;C:\Users\Waqar\.m2\repository\com\nimbusds\nimbus-jose-jwt\6.0.2\nimbus-jose-jwt-6.0.2.jar;C:\Users\Waqar\.m2\repository\com\h2database\h2\1.4.200\h2-1.4.200.jar;C:\Users\Waqar\Desktop\eonet munib\Nasa\src\main\resources\ojdbc6.jar;C:\Users\Waqar\.m2\repository\org\springframework\boot\spring-boot-starter-tomcat\2.1.17.RELEASE\spring-boot-starter-tomcat-2.1.17.RELEASE.jar;C:\Users\Waqar\.m2\repository\org\apache\tomcat\embed\tomcat-embed-core\9.0.38\tomcat-embed-core-9.0.38.jar;C:\Users\Waqar\.m2\repository\org\apache\tomcat\embed\tomcat-embed-el\9.0.38\tomcat-embed-el-9.0.38.jar;C:\Users\Waqar\.m2\repository\org\apache\tomcat\embed\tomcat-embed-websocket\9.0.38\tomcat-embed-websocket-9.0.38.jar;C:\Users\Waqar\.m2\repository\mysql\mysql-connector-java\8.0.21\mysql-connector-java-8.0.21.jar;C:\Users\Waqar\.m2\repository\org\springframework\spring-orm\5.1.18.RELEASE\spring-orm-5.1.18.RELEASE.jar;C:\Users\Waqar\.m2\repository\org\springframework\spring-beans\5.1.18.RELEASE\spring-beans-5.1.18.RELEASE.jar;C:\Users\Waqar\.m2\repository\org\springframework\spring-jdbc\5.1.18.RELEASE\spring-jdbc-5.1.18.RELEASE.jar;C:\Users\Waqar\.m2\repository\org\springframework\spring-tx\5.1.18.RELEASE\spring-tx-5.1.18.RELEASE.jar;C:\Users\Waqar\.m2\repository\org\hibernate\hibernate-entitymanager\5.3.18.Final\hibernate-entitymanager-5.3.18.Final.jar;C:\Users\Waqar\.m2\repository\org\jboss\logging\jboss-logging\3.3.3.Final\jboss-logging-3.3.3.Final.jar;C:\Users\Waqar\.m2\repository\org\dom4j\dom4j\2.1.3\dom4j-2.1.3.jar;C:\Users\Waqar\.m2\repository\org\hibernate\common\hibernate-commons-annotations\5.0.4.Final\hibernate-commons-annotations-5.0.4.Final.jar;C:\Users\Waqar\.m2\repository\javax\persistence\javax.persistence-api\2.2\javax.persistence-api-2.2.jar;C:\Users\Waqar\.m2\repository\net\bytebuddy\byte-buddy\1.9.16\byte-buddy-1.9.16.jar;C:\Users\Waqar\.m2\repository\org\jboss\spec\javax\transaction\jboss-transaction-api_1.2_spec\1.1.1.Final\jboss-transaction-api_1.2_spec-1.1.1.Final.jar;C:\Users\Waqar\.m2\repository\io\springfox\springfox-swagger2\2.9.1\springfox-swagger2-2.9.1.jar;C:\Users\Waqar\.m2\repository\io\swagger\swagger-annotations\1.5.20\swagger-annotations-1.5.20.jar;C:\Users\Waqar\.m2\repository\io\swagger\swagger-models\1.5.20\swagger-models-1.5.20.jar;C:\Users\Waqar\.m2\repository\io\springfox\springfox-spi\2.9.1\springfox-spi-2.9.1.jar;C:\Users\Waqar\.m2\repository\io\springfox\springfox-core\2.9.1\springfox-core-2.9.1.jar;C:\Users\Waqar\.m2\repository\io\springfox\springfox-schema\2.9.1\springfox-schema-2.9.1.jar;C:\Users\Waqar\.m2\repository\io\springfox\springfox-swagger-common\2.9.1\springfox-swagger-common-2.9.1.jar;C:\Users\Waqar\.m2\repository\io\springfox\springfox-spring-web\2.9.1\springfox-spring-web-2.9.1.jar;C:\Users\Waqar\.m2\repository\com\google\guava\guava\20.0\guava-20.0.jar;C:\Users\Waqar\.m2\repository\com\fasterxml\classmate\1.4.0\classmate-1.4.0.jar;C:\Users\Waqar\.m2\repository\org\slf4j\slf4j-api\1.7.30\slf4j-api-1.7.30.jar;C:\Users\Waqar\.m2\repository\org\springframework\plugin\spring-plugin-core\1.2.0.RELEASE\spring-plugin-core-1.2.0.RELEASE.jar;C:\Users\Waqar\.m2\repository\org\springframework\plugin\spring-plugin-metadata\1.2.0.RELEASE\spring-plugin-metadata-1.2.0.RELEASE.jar;C:\Users\Waqar\.m2\repository\org\mapstruct\mapstruct\1.2.0.Final\mapstruct-1.2.0.Final.jar;C:\Users\Waqar\.m2\repository\io\springfox\springfox-swagger-ui\2.9.1\springfox-swagger-ui-2.9.1.jar;"/>
    <property name="sun.cpu.endian" value="little"/>
    <property name="user.home" value="C:\Users\Waqar"/>
    <property name="user.language" value="en"/>
    <property name="java.specification.vendor" value="Oracle Corporation"/>
    <property name="java.home" value="C:\Program Files\Java\jdk1.8.0_144\jre"/>
    <property name="basedir" value="C:\Users\Waqar\Desktop\eonet munib\Nasa"/>
    <property name="file.separator" value="\"/>
    <property name="line.separator" value="&#10;"/>
    <property name="java.vm.specification.vendor" value="Oracle Corporation"/>
    <property name="java.specification.name" value="Java Platform API Specification"/>
    <property name="java.awt.graphicsenv" value="sun.awt.Win32GraphicsEnvironment"/>
    <property name="surefire.real.class.path" value="C:\Users\Waqar\AppData\Local\Temp\surefire5839314262818154227\surefirebooter1714144878612215810.jar"/>
    <property name="sun.boot.class.path" value="C:\Program Files\Java\jdk1.8.0_144\jre\lib\resources.jar;C:\Program Files\Java\jdk1.8.0_144\jre\lib\rt.jar;C:\Program Files\Java\jdk1.8.0_144\jre\lib\sunrsasign.jar;C:\Program Files\Java\jdk1.8.0_144\jre\lib\jsse.jar;C:\Program Files\Java\jdk1.8.0_144\jre\lib\jce.jar;C:\Program Files\Java\jdk1.8.0_144\jre\lib\charsets.jar;C:\Program Files\Java\jdk1.8.0_144\jre\lib\jfr.jar;C:\Program Files\Java\jdk1.8.0_144\jre\classes"/>
    <property name="user.script" value=""/>
    <property name="sun.management.compiler" value="HotSpot 64-Bit Tiered Compilers"/>
    <property name="java.runtime.version" value="1.8.0_144-b01"/>
    <property name="user.name" value="Waqar"/>
    <property name="path.separator" value=";"/>
    <property name="os.version" value="10.0"/>
    <property name="java.endorsed.dirs" value="C:\Program Files\Java\jdk1.8.0_144\jre\lib\endorsed"/>
    <property name="java.runtime.name" value="Java(TM) SE Runtime Environment"/>
    <property name="file.encoding" value="Cp1252"/>
    <property name="java.vm.name" value="Java HotSpot(TM) 64-Bit Server VM"/>
    <property name="localRepository" value="C:\Users\Waqar\.m2\repository"/>
    <property name="java.vendor.url.bug" value="http://bugreport.sun.com/bugreport/"/>
    <property name="java.io.tmpdir" value="C:\Users\Waqar\AppData\Local\Temp\"/>
    <property name="java.version" value="1.8.0_144"/>
    <property name="user.dir" value="C:\Users\Waqar\Desktop\eonet munib\Nasa"/>
    <property name="os.arch" value="amd64"/>
    <property name="java.vm.specification.name" value="Java Virtual Machine Specification"/>
    <property name="java.awt.printerjob" value="sun.awt.windows.WPrinterJob"/>
    <property name="sun.os.patch.level" value=""/>
    <property name="java.library.path" value="C:\Program Files\Java\jdk1.8.0_144\jre\bin;C:\WINDOWS\Sun\Java\bin;C:\WINDOWS\system32;C:\WINDOWS;C:\ProgramData\Oracle\Java\javapath;C:\Program Files (x86)\Intel\iCLS Client\;C:\Program Files\Intel\iCLS Client\;C:\WINDOWS\system32;C:\WINDOWS;C:\WINDOWS\System32\Wbem;C:\WINDOWS\System32\WindowsPowerShell\v1.0\;c:\Program Files\Intel\IntelSGXPSW\bin\x64\Release\;c:\Program Files\Intel\IntelSGXPSW\bin\win32\Release\;C:\Program Files (x86)\Intel\Intel(R) Management Engine Components\DAL;C:\Program Files\Intel\Intel(R) Management Engine Components\DAL;C:\Program Files (x86)\Intel\Intel(R) Management Engine Components\IPT;C:\Program Files\Intel\Intel(R) Management Engine Components\IPT;C:\Program Files\Microsoft SQL Server\130\Tools\Binn\;C:\Program Files (x86)\Windows Kits\8.1\Windows Performance Toolkit\;C:\Program Files\Intel\WiFi\bin\;C:\Program Files\Common Files\Intel\WirelessCommon\;C:\WINDOWS\System32\OpenSSH\;C:\Program Files\Git\cmd;C:\Program Files\Docker\Docker\resources\bin;C:\ProgramData\DockerDesktop\version-bin;C:\ProgramData\Oracle\Java\javapath;C:\Program Files (x86)\Intel\iCLS Client\;C:\Program Files\Intel\iCLS Client\;C:\WINDOWS\system32;C:\WINDOWS;C:\WINDOWS\System32\Wbem;C:\WINDOWS\System32\WindowsPowerShell\v1.0\;c:\Program Files\Intel\IntelSGXPSW\bin\x64\Release\;c:\Program Files\Intel\IntelSGXPSW\bin\win32\Release\;C:\Program Files (x86)\Intel\Intel(R) Management Engine Components\DAL;C:\Program Files\Intel\Intel(R) Management Engine Components\DAL;C:\Program Files (x86)\Intel\Intel(R) Management Engine Components\IPT;C:\Program Files\Intel\Intel(R) Management Engine Components\IPT;C:\Program Files\Intel\WiFi\bin\;C:\Program Files\Common Files\Intel\WirelessCommon\;C:\Program Files\Microsoft SQL Server\130\Tools\Binn\;C:\Program Files (x86)\Windows Kits\8.1\Windows Performance Toolkit\;C:\Users\Waqar\AppData\Local\Microsoft\WindowsApps;C:\Anaconda\Scripts;C:\Anaconda;C:\Users\Waqar\AppData\Local\Microsoft\WindowsApps;C:\Users\Waqar\AppData\Local\GitHubDesktop\bin;C:\Program Files\Java\apache-maven-3.6.3\bin;;."/>
    <property name="java.vm.info" value="mixed mode"/>
    <property name="java.vendor" value="Oracle Corporation"/>
    <property name="java.vm.version" value="25.144-b01"/>
    <property name="java.ext.dirs" value="C:\Program Files\Java\jdk1.8.0_144\jre\lib\ext;C:\WINDOWS\Sun\Java\lib\ext"/>
    <property name="sun.io.unicode.encoding" value="UnicodeLittle"/>
    <property name="java.class.version" value="52.0"/>
  </properties>
  <testcase name="contextLoads" classname="com.nasa.eonet.Nasa.NasaApplicationTests" time="0.412"/>
</testsuite>